<?xml version="1.0" encoding="UTF-8"?>
<testsuite name="CuisineTest" tests="5" skipped="0" failures="0" errors="0" timestamp="2015-08-26T23:02:08" hostname="epicodus-108.local" time="0.092">
  <properties/>
  <testcase name="equals_returnsTrueIfDescriptionsAretheSame" classname="CuisineTest" time="0.006"/>
  <testcase name="getRestaurants_retrievesAllRestaurantFromDatabase_restaurantsList" classname="CuisineTest" time="0.033"/>
  <testcase name="find_findsCuisineInDatabase_true" classname="CuisineTest" time="0.02"/>
  <testcase name="all_emptyAtFirst" classname="CuisineTest" time="0.013"/>
  <testcase name="save_savesIntoDatabase_true" classname="CuisineTest" time="0.018"/>
  <system-out><![CDATA[]]></system-out>
  <system-err><![CDATA[]]></system-err>
</testsuite>
